

[2021-01-17T19:00:19.790227+00:00] Logger.ERROR: Exception Caught: in UserDatabase.php "makeUserDatabaseConnection" failed to connect to database [] []
[2021-01-17T19:00:23.464891+00:00] Logger.ERROR: Exception Caught: in UserDatabase.php "makeUserDatabaseConnection" failed to connect to database [] []
[2021-01-17T19:00:25.518993+00:00] Logger.ERROR: Exception Caught: in UserDatabase.php "makeUserDatabaseConnection" failed to connect to database [] []
[2021-01-17T19:00:27.267253+00:00] Logger.ERROR: Exception Caught: in UserDatabase.php "makeUserDatabaseConnection" failed to connect to database [] []
[2021-01-17T19:00:38.305543+00:00] Logger.ERROR: Exception Caught: in UserDatabase.php "executeQuery" method encountered a problem. SQL query: INSERT INTO tbl_user user_username = :user_username, user_password = :user_password  Error:   [] []
[2021-01-17T19:00:38.352065+00:00] Logger.ERROR: Status 500:  Internal Server Error [] []
[2021-01-17T19:00:41.256812+00:00] Logger.ERROR: Exception Caught: in UserDatabase.php "executeQuery" method encountered a problem. SQL query: INSERT INTO tbl_user user_username = :user_username, user_password = :user_password  Error:   [] []
[2021-01-17T19:00:41.268781+00:00] Logger.ERROR: Status 500:  Internal Server Error [] []
[2021-01-17T19:00:43.222435+00:00] Logger.ERROR: Exception Caught: in UserDatabase.php "executeQuery" method encountered a problem. SQL query: INSERT INTO tbl_user user_username = :user_username, user_password = :user_password  Error:   [] []
[2021-01-17T19:00:43.233921+00:00] Logger.ERROR: Status 500:  Internal Server Error [] []
[2021-01-17T19:00:44.982518+00:00] Logger.ERROR: Exception Caught: in UserDatabase.php "executeQuery" method encountered a problem. SQL query: INSERT INTO tbl_user user_username = :user_username, user_password = :user_password  Error:   [] []
[2021-01-17T19:00:44.994749+00:00] Logger.ERROR: Status 500:  Internal Server Error [] []
[2021-01-17T19:02:17.298649+00:00] Logger.ERROR: Exception Caught: in UserDatabase.php "fetchArray" method encountered a problem. SQL query: SELECT tbl_user.user_username FROM tbl_user WHERE user_username = :user_username  Error:   [] []
[2021-01-17T19:02:27.493007+00:00] Logger.ERROR: Exception Caught: in UserDatabase.php "fetchArray" method encountered a problem. SQL query: SELECT tbl_user.user_username FROM tbl_user WHERE user_username = :user_username  Error:   [] []
[2021-01-17T19:02:31.192068+00:00] Logger.ERROR: Exception Caught: in UserDatabase.php "fetchArray" method encountered a problem. SQL query: SELECT tbl_user.user_username FROM tbl_user WHERE user_username = :user_username  Error:   [] []
[2021-01-17T19:02:41.815855+00:00] Logger.ERROR: Exception Caught: in UserDatabase.php "fetchArray" method encountered a problem. SQL query: SELECT tbl_user.user_id, tbl_user.user_mobile, tbl_user.user_username, tbl_user.user_password FROM tbl_user WHERE user_username = :user_username  Error:   [] []
[2021-01-17T19:03:00.359781+00:00] Logger.ERROR: Exception Caught: in UserDatabase.php "fetchArray" method encountered a problem. SQL query: SELECT tbl_user.user_id, tbl_user.user_mobile, tbl_user.user_username, tbl_user.user_password FROM tbl_user WHERE user_username = :user_username  Error:   [] []
[2021-01-17T19:03:03.759393+00:00] Logger.ERROR: Exception Caught: in UserDatabase.php "fetchArray" method encountered a problem. SQL query: SELECT tbl_user.user_id, tbl_user.user_mobile, tbl_user.user_username, tbl_user.user_password FROM tbl_user WHERE user_username = :user_username  Error:   [] []
[2021-01-17T19:03:06.475463+00:00] Logger.ERROR: Exception Caught: in UserDatabase.php "fetchArray" method encountered a problem. SQL query: SELECT tbl_user.user_id, tbl_user.user_mobile, tbl_user.user_username, tbl_user.user_password FROM tbl_user WHERE user_username = :user_username  Error:   [] []
[2021-02-09T00:08:18.224187+00:00] Logger.ERROR: Exception Caught: in UserDatabase.php "makeUserDatabaseConnection" failed to connect to database [] []
