[2021-01-18T03:21:16.780712+00:00] Logger.NOTICE: Anonymous User :   Failed Authentication and Login [] []
[2021-01-18T03:25:21.173996+00:00] Logger.NOTICE: User 10:   Failed Authentication and Login [] []
[2021-01-18T03:25:50.347727+00:00] Logger.NOTICE: User 10:  Successfully Authenticated and Logged in [] []
[2021-01-18T04:10:24.984126+00:00] Logger.NOTICE: New User:  Registered Successfully [] []
[2021-01-18T04:10:36.621457+00:00] Logger.NOTICE: User 11:  Successfully Authenticated and Logged in [] []
[2021-01-18T04:10:45.769291+00:00] Logger.NOTICE: User 11:   Navigated to Select Login Page [] []
[2021-01-18T04:10:45.798207+00:00] Logger.NOTICE: User 11:   Logged Out [] []
[2021-01-18T06:22:07.377927+00:00] Logger.NOTICE: User 10:  Successfully Authenticated and Logged in [] []
[2021-01-18T06:22:20.811115+00:00] Logger.NOTICE: User 10:  Successfully Authenticated and Logged in [] []
[2021-01-18T06:26:56.355931+00:00] Logger.NOTICE: User 10:  Successfully Authenticated and Logged in [] []
[2021-01-18T06:27:00.585806+00:00] Logger.NOTICE: User 10:  Navigated to Homepage [] []
[2021-01-18T06:27:02.634647+00:00] Logger.NOTICE: User 10:  Navigated to Simulation Page [] []
[2021-01-18T06:27:05.943203+00:00] Logger.NOTICE: User 10:  Navigated to Device Manual Entry Page [] []
[2021-01-18T06:27:29.274646+00:00] Logger.NOTICE: User 10:   Navigated to Select Login Page [] []
[2021-01-18T06:27:29.305915+00:00] Logger.NOTICE: User 10:   Logged Out [] []
[2021-01-20T13:36:24.934116+00:00] Logger.NOTICE: User 5:  Successfully Authenticated and Logged in [] []
[2021-01-20T13:38:20.830027+00:00] Logger.NOTICE: User 5:  Successfully Authenticated and Logged in [] []
[2021-01-20T13:38:27.201640+00:00] Logger.NOTICE: User 5:  Navigated to Import Data Page [] []
[2021-01-22T17:46:36.496461+00:00] Logger.NOTICE: User 5:  Successfully Authenticated and Logged in [] []
[2021-01-22T17:46:40.747474+00:00] Logger.NOTICE: User 5:   Navigated to Select Login Page [] []
[2021-01-22T17:46:40.776571+00:00] Logger.NOTICE: User 5:   Logged Out [] []
[2021-01-22T18:54:46.129957+00:00] Logger.NOTICE: User 5:  Successfully Authenticated and Logged in [] []
[2021-01-22T18:54:48.946727+00:00] Logger.NOTICE: User 5:  Navigated to Simulation Page [] []
[2021-01-22T18:54:52.304126+00:00] Logger.NOTICE: User 5:   Navigated to Select Login Page [] []
[2021-01-22T18:54:52.329347+00:00] Logger.NOTICE: User 5:   Logged Out [] []
[2021-02-09T00:13:57.797720+00:00] Logger.NOTICE: New User:  Registered Successfully [] []
[2021-02-09T00:17:29.656324+00:00] Logger.NOTICE: User 12:  Successfully Authenticated and Logged in [] []
[2021-02-09T00:18:36.331695+00:00] Logger.NOTICE: User 12:  Navigated to Simulation Page [] []
[2021-02-09T00:20:19.946562+00:00] Logger.NOTICE: User 12:  Navigated to Simulation Page [] []
[2021-02-09T00:20:28.485289+00:00] Logger.NOTICE: User 12:  Navigated to Homepage [] []
[2021-02-09T00:20:32.207853+00:00] Logger.NOTICE: User 12:  Navigated to Simulation Page [] []
[2021-02-09T00:20:33.616526+00:00] Logger.NOTICE: User 12:  Navigated to Device Manual Entry Page [] []
[2021-02-09T00:20:34.724752+00:00] Logger.NOTICE: User 12:  Navigated to Import Data Page [] []
[2021-02-09T00:20:35.987285+00:00] Logger.NOTICE: User 12:   Navigated to Select Login Page [] []
[2021-02-09T00:20:36.005337+00:00] Logger.NOTICE: User 12:   Logged Out [] []
[2021-02-09T00:20:41.857353+00:00] Logger.NOTICE: User 12:  Successfully Authenticated and Logged in [] []
[2021-02-09T00:21:09.551127+00:00] Logger.NOTICE: User 12:  Successfully Authenticated and Logged in [] []
[2021-02-09T00:21:41.174437+00:00] Logger.NOTICE: User 12:  Navigated to Simulation Page [] []
[2021-02-09T00:22:21.249829+00:00] Logger.NOTICE: User 12:  Navigated to Device Manual Entry Page [] []
[2021-02-09T00:22:42.259260+00:00] Logger.NOTICE: User 12:  Navigated to Import Data Page [] []
[2021-02-09T00:23:26.424569+00:00] Logger.NOTICE: User 12:  Navigated to Simulation Page [] []
[2021-02-09T00:25:43.784467+00:00] Logger.NOTICE: User 12:  Navigated to Device Manual Entry Page [] []
[2021-02-09T00:27:22.682931+00:00] Logger.NOTICE: User 12:  Navigated to Import Data Page [] []
[2021-02-09T00:33:07.536657+00:00] Logger.NOTICE: User 12:   Navigated to Select Login Page [] []
[2021-02-09T00:33:07.569804+00:00] Logger.NOTICE: User 12:   Logged Out [] []
[2021-02-09T00:37:27.625410+00:00] Logger.NOTICE: User 12:  Successfully Authenticated and Logged in [] []
[2021-02-09T00:38:35.402810+00:00] Logger.NOTICE: User 12:  Successfully Authenticated and Logged in [] []
[2021-02-09T00:38:40.450245+00:00] Logger.NOTICE: User 12:   Navigated to Select Login Page [] []
[2021-02-09T00:38:40.495604+00:00] Logger.NOTICE: User 12:   Logged Out [] []
[2021-02-09T00:58:14.161336+00:00] Logger.NOTICE: User 12:   Failed Authentication and Login [] []
[2021-05-18T15:59:44.131403+01:00] Logger.NOTICE: New User:  Registered Successfully [] []
[2021-05-18T16:00:22.027651+01:00] Logger.NOTICE: User 13:  Successfully Authenticated and Logged in [] []
[2021-05-18T16:01:12.305510+01:00] Logger.NOTICE: User 13:  Navigated to Homepage [] []
[2021-05-21T18:18:30.706613+01:00] Logger.NOTICE: New User:  Registered Successfully [] []
[2021-05-21T18:18:40.751812+01:00] Logger.NOTICE: User 14:  Successfully Authenticated and Logged in [] []
[2021-05-21T18:18:47.229339+01:00] Logger.NOTICE: User 14:  Navigated to Homepage [] []
[2021-05-21T18:18:49.378381+01:00] Logger.NOTICE: User 14:  Navigated to Simulation Page [] []
[2021-05-21T18:18:50.805557+01:00] Logger.NOTICE: User 14:  Navigated to Device Manual Entry Page [] []
[2021-05-21T18:19:13.227718+01:00] Logger.NOTICE: User 14:  Navigated to Import Data Page [] []
[2021-05-21T18:19:25.324761+01:00] Logger.NOTICE: User 14:  Navigated to Import Data Page [] []
[2021-05-21T18:19:30.282174+01:00] Logger.NOTICE: User 14:  Navigated to Device Manual Entry Page [] []
[2021-05-21T18:19:31.772831+01:00] Logger.NOTICE: User 14:  Navigated to Simulation Page [] []
[2021-05-21T18:19:33.132984+01:00] Logger.NOTICE: User 14:  Navigated to Homepage [] []
[2021-05-21T18:19:42.125370+01:00] Logger.NOTICE: User 14:  Navigated to Homepage [] []
[2021-05-21T18:19:44.850570+01:00] Logger.NOTICE: User 14:  Navigated to Homepage [] []
[2021-05-21T18:19:47.017042+01:00] Logger.NOTICE: User 14:  Navigated to Simulation Page [] []
[2021-05-21T18:19:48.505242+01:00] Logger.NOTICE: User 14:  Navigated to Device Manual Entry Page [] []
[2021-05-21T18:19:50.865807+01:00] Logger.NOTICE: User 14:  Navigated to Import Data Page [] []
[2021-05-21T18:20:26.558091+01:00] Logger.NOTICE: User 14:  Navigated to Import Data Page [] []
[2021-05-21T18:20:29.178264+01:00] Logger.NOTICE: User 14:  Navigated to Homepage [] []
[2021-05-21T18:20:31.348931+01:00] Logger.NOTICE: User 14:  Navigated to Simulation Page [] []
[2021-05-21T18:20:33.124749+01:00] Logger.NOTICE: User 14:  Navigated to Device Manual Entry Page [] []
[2021-05-21T18:20:35.357991+01:00] Logger.NOTICE: User 14:  Navigated to Import Data Page [] []
[2021-05-22T00:10:35.285427+01:00] Logger.NOTICE: Anonymous User :   Failed Authentication and Login [] []
[2021-05-22T00:10:48.764107+01:00] Logger.NOTICE: User 14:  Successfully Authenticated and Logged in [] []
[2021-05-22T00:10:59.252471+01:00] Logger.NOTICE: User 14:  Navigated to Import Data Page [] []
[2021-05-22T00:11:08.124854+01:00] Logger.NOTICE: User 14:  Navigated to Import Data Page [] []
[2021-05-22T00:14:03.170911+01:00] Logger.NOTICE: User 14:  Navigated to Device Manual Entry Page [] []
[2021-05-22T00:14:36.091567+01:00] Logger.NOTICE: User 14:  Navigated to Simulation Page [] []
[2021-05-22T00:15:11.449059+01:00] Logger.NOTICE: User 14:  Navigated to Import Data Page [] []
[2021-05-23T16:47:41.024764+01:00] Logger.NOTICE: Anonymous User :   Failed Authentication and Login [] []
[2021-05-23T16:48:08.377507+01:00] Logger.NOTICE: New User:  Registered Successfully [] []
[2021-05-23T16:51:10.592467+01:00] Logger.NOTICE: Anonymous User :   Failed Authentication and Login [] []
[2021-05-23T16:56:59.658716+01:00] Logger.NOTICE: New User:  Registered Successfully [] []
[2021-05-23T16:58:50.668419+01:00] Logger.NOTICE: User 16:  Successfully Authenticated and Logged in [] []
[2021-05-23T17:00:49.544544+01:00] Logger.NOTICE: User 16:  Successfully Authenticated and Logged in [] []
[2021-05-23T17:18:08.789741+01:00] Logger.NOTICE: User 16:  Successfully Authenticated and Logged in [] []
[2021-05-23T17:18:20.737626+01:00] Logger.NOTICE: User 16:  Navigated to Homepage [] []
[2021-05-23T17:18:21.858028+01:00] Logger.NOTICE: User 16:  Navigated to Simulation Page [] []
[2021-05-23T17:18:23.447118+01:00] Logger.NOTICE: User 16:  Navigated to Device Manual Entry Page [] []
[2021-05-23T17:18:25.283274+01:00] Logger.NOTICE: User 16:  Navigated to Import Data Page [] []
[2021-05-23T17:18:27.778960+01:00] Logger.NOTICE: User 16:   Navigated to Select Login Page [] []
[2021-05-23T17:18:27.808077+01:00] Logger.NOTICE: User 16:   Logged Out [] []
[2021-05-23T17:22:07.585343+01:00] Logger.NOTICE: New User:  Registered Successfully [] []
[2021-05-23T17:22:25.108033+01:00] Logger.NOTICE: User 17:  Successfully Authenticated and Logged in [] []
[2021-05-23T17:22:32.655267+01:00] Logger.NOTICE: User 17:  Navigated to Homepage [] []
[2021-05-23T17:22:35.126768+01:00] Logger.NOTICE: User 17:  Navigated to Simulation Page [] []
[2021-05-23T17:22:36.494332+01:00] Logger.NOTICE: User 17:  Navigated to Device Manual Entry Page [] []
[2021-05-23T17:22:37.717522+01:00] Logger.NOTICE: User 17:  Navigated to Import Data Page [] []
[2021-05-23T17:22:40.085618+01:00] Logger.NOTICE: User 17:   Navigated to Select Login Page [] []
[2021-05-23T17:22:40.103253+01:00] Logger.NOTICE: User 17:   Logged Out [] []
[2021-05-23T17:26:37.375980+01:00] Logger.NOTICE: New User:  Registered Successfully [] []
[2021-05-23T17:26:48.514597+01:00] Logger.NOTICE: User 18:  Successfully Authenticated and Logged in [] []
[2021-05-23T17:26:54.430667+01:00] Logger.NOTICE: User 18:   Navigated to Select Login Page [] []
[2021-05-23T17:26:54.446288+01:00] Logger.NOTICE: User 18:   Logged Out [] []
